[17:58:52] [Server thread/INFO]: Starting minecraft server version 1.15.2
[17:58:52] [Server thread/INFO]: Loading properties
[17:58:53] [Server thread/INFO]: This server is running Paper version git-Paper-63 (MC: 1.15.2) (Implementing API version 1.15.2-R0.1-SNAPSHOT)
[17:58:53] [Server thread/INFO]: Server Ping Player Sample Count: 12
[17:58:53] [Server thread/INFO]: Using 4 threads for Netty based IO
[17:58:53] [Server thread/INFO]: Debug logging is disabled
[17:58:54] [Server thread/INFO]: Default game type: SURVIVAL
[17:58:54] [Server thread/INFO]: Generating keypair
[17:58:54] [Server thread/INFO]: Starting Minecraft server on *:25565
[17:58:55] [Server thread/INFO]: Using epoll channel type
[17:58:55] [Server thread/WARN]: **** SERVER IS RUNNING IN OFFLINE/INSECURE MODE!
[17:58:55] [Server thread/WARN]: The server will make no attempt to authenticate usernames. Beware.
[17:58:55] [Server thread/WARN]: While this makes the game possible to play without internet access, it also opens up the ability for hackers to connect with any username they choose.
[17:58:55] [Server thread/WARN]: To change this, set "online-mode" to "true" in the server.properties file.
[17:58:55] [Server thread/INFO]: Preparing level "world"
[17:58:56] [Server thread/INFO]: Found new data pack file/bukkit, loading it automatically
[17:58:56] [Server thread/INFO]: Found new data pack vanilla, loading it automatically
[17:58:56] [Server thread/INFO]: Reloading ResourceManager: Default, bukkit
[17:58:58] [Server thread/INFO]: Loaded 6 recipes
[17:59:00] [Server thread/INFO]: -------- World Settings For [world] --------
[17:59:00] [Server thread/INFO]: Mob Spawn Range: 8
[17:59:00] [Server thread/INFO]: Experience Merge Radius: 3.0
[17:59:00] [Server thread/INFO]: Cactus Growth Modifier: 100%
[17:59:00] [Server thread/INFO]: Cane Growth Modifier: 100%
[17:59:00] [Server thread/INFO]: Melon Growth Modifier: 100%
[17:59:00] [Server thread/INFO]: Mushroom Growth Modifier: 100%
[17:59:00] [Server thread/INFO]: Pumpkin Growth Modifier: 100%
[17:59:00] [Server thread/INFO]: Sapling Growth Modifier: 100%
[17:59:00] [Server thread/INFO]: Beetroot Growth Modifier: 100%
[17:59:00] [Server thread/INFO]: Carrot Growth Modifier: 100%
[17:59:00] [Server thread/INFO]: Potato Growth Modifier: 100%
[17:59:00] [Server thread/INFO]: Wheat Growth Modifier: 100%
[17:59:00] [Server thread/INFO]: NetherWart Growth Modifier: 100%
[17:59:00] [Server thread/INFO]: Vine Growth Modifier: 100%
[17:59:00] [Server thread/INFO]: Cocoa Growth Modifier: 100%
[17:59:00] [Server thread/INFO]: Bamboo Growth Modifier: 100%
[17:59:00] [Server thread/INFO]: SweetBerry Growth Modifier: 100%
[17:59:00] [Server thread/INFO]: Kelp Growth Modifier: 100%
[17:59:00] [Server thread/INFO]: Entity Activation Range: An 32 / Mo 32 / Ra 48 / Mi 16 / Tiv true
[17:59:00] [Server thread/INFO]: Entity Tracking Range: Pl 48 / An 48 / Mo 48 / Mi 32 / Other 64
[17:59:00] [Server thread/INFO]: Hopper Transfer: 8 Hopper Check: 1 Hopper Amount: 1
[17:59:00] [Server thread/INFO]: Custom Map Seeds:  Village: 10387312 Desert: 14357617 Igloo: 14357618 Jungle: 14357619 Swamp: 14357620 Monument: 10387313Ocean: 14357621 Shipwreck: 165745295 Slime: 987234911
[17:59:00] [Server thread/INFO]: Max TNT Explosions: 100
[17:59:00] [Server thread/INFO]: Tile Max Tick Time: 50ms Entity max Tick Time: 50ms
[17:59:00] [Server thread/INFO]: View Distance: 10
[17:59:00] [Server thread/INFO]: Zombie Aggressive Towards Villager: true
[17:59:00] [Server thread/INFO]: Allow Zombie Pigmen to spawn from portal blocks: true
[17:59:00] [Server thread/INFO]: Item Despawn Rate: 6000
[17:59:00] [Server thread/INFO]: Item Merge Radius: 2.5
[17:59:00] [Server thread/INFO]: Arrow Despawn Rate: 1200 Trident Respawn Rate:1200
[17:59:00] [Server thread/INFO]: Nerfing mobs spawned from spawners: false
[17:59:15] [Server thread/INFO]: -------- World Settings For [world_nether] --------
[17:59:15] [Server thread/INFO]: Mob Spawn Range: 8
[17:59:15] [Server thread/INFO]: Experience Merge Radius: 3.0
[17:59:15] [Server thread/INFO]: Cactus Growth Modifier: 100%
[17:59:15] [Server thread/INFO]: Cane Growth Modifier: 100%
[17:59:15] [Server thread/INFO]: Melon Growth Modifier: 100%
[17:59:15] [Server thread/INFO]: Mushroom Growth Modifier: 100%
[17:59:15] [Server thread/INFO]: Pumpkin Growth Modifier: 100%
[17:59:15] [Server thread/INFO]: Sapling Growth Modifier: 100%
[17:59:15] [Server thread/INFO]: Beetroot Growth Modifier: 100%
[17:59:15] [Server thread/INFO]: Carrot Growth Modifier: 100%
[17:59:15] [Server thread/INFO]: Potato Growth Modifier: 100%
[17:59:15] [Server thread/INFO]: Wheat Growth Modifier: 100%
[17:59:15] [Server thread/INFO]: NetherWart Growth Modifier: 100%
[17:59:15] [Server thread/INFO]: Vine Growth Modifier: 100%
[17:59:15] [Server thread/INFO]: Cocoa Growth Modifier: 100%
[17:59:15] [Server thread/INFO]: Bamboo Growth Modifier: 100%
[17:59:15] [Server thread/INFO]: SweetBerry Growth Modifier: 100%
[17:59:15] [Server thread/INFO]: Kelp Growth Modifier: 100%
[17:59:15] [Server thread/INFO]: Entity Activation Range: An 32 / Mo 32 / Ra 48 / Mi 16 / Tiv true
[17:59:15] [Server thread/INFO]: Entity Tracking Range: Pl 48 / An 48 / Mo 48 / Mi 32 / Other 64
[17:59:15] [Server thread/INFO]: Hopper Transfer: 8 Hopper Check: 1 Hopper Amount: 1
[17:59:15] [Server thread/INFO]: Custom Map Seeds:  Village: 10387312 Desert: 14357617 Igloo: 14357618 Jungle: 14357619 Swamp: 14357620 Monument: 10387313Ocean: 14357621 Shipwreck: 165745295 Slime: 987234911
[17:59:15] [Server thread/INFO]: Max TNT Explosions: 100
[17:59:15] [Server thread/INFO]: Tile Max Tick Time: 50ms Entity max Tick Time: 50ms
[17:59:15] [Server thread/INFO]: View Distance: 10
[17:59:15] [Server thread/INFO]: Zombie Aggressive Towards Villager: true
[17:59:15] [Server thread/INFO]: Allow Zombie Pigmen to spawn from portal blocks: true
[17:59:15] [Server thread/INFO]: Item Despawn Rate: 6000
[17:59:15] [Server thread/INFO]: Item Merge Radius: 2.5
[17:59:15] [Server thread/INFO]: Arrow Despawn Rate: 1200 Trident Respawn Rate:1200
[17:59:15] [Server thread/INFO]: Nerfing mobs spawned from spawners: false
[17:59:15] [Server thread/INFO]: -------- World Settings For [world_the_end] --------
[17:59:15] [Server thread/INFO]: Mob Spawn Range: 8
[17:59:15] [Server thread/INFO]: Experience Merge Radius: 3.0
[17:59:15] [Server thread/INFO]: Cactus Growth Modifier: 100%
[17:59:15] [Server thread/INFO]: Cane Growth Modifier: 100%
[17:59:15] [Server thread/INFO]: Melon Growth Modifier: 100%
[17:59:15] [Server thread/INFO]: Mushroom Growth Modifier: 100%
[17:59:15] [Server thread/INFO]: Pumpkin Growth Modifier: 100%
[17:59:15] [Server thread/INFO]: Sapling Growth Modifier: 100%
[17:59:15] [Server thread/INFO]: Beetroot Growth Modifier: 100%
[17:59:15] [Server thread/INFO]: Carrot Growth Modifier: 100%
[17:59:15] [Server thread/INFO]: Potato Growth Modifier: 100%
[17:59:15] [Server thread/INFO]: Wheat Growth Modifier: 100%
[17:59:15] [Server thread/INFO]: NetherWart Growth Modifier: 100%
[17:59:15] [Server thread/INFO]: Vine Growth Modifier: 100%
[17:59:15] [Server thread/INFO]: Cocoa Growth Modifier: 100%
[17:59:15] [Server thread/INFO]: Bamboo Growth Modifier: 100%
[17:59:15] [Server thread/INFO]: SweetBerry Growth Modifier: 100%
[17:59:15] [Server thread/INFO]: Kelp Growth Modifier: 100%
[17:59:15] [Server thread/INFO]: Entity Activation Range: An 32 / Mo 32 / Ra 48 / Mi 16 / Tiv true
[17:59:15] [Server thread/INFO]: Entity Tracking Range: Pl 48 / An 48 / Mo 48 / Mi 32 / Other 64
[17:59:15] [Server thread/INFO]: Hopper Transfer: 8 Hopper Check: 1 Hopper Amount: 1
[17:59:15] [Server thread/INFO]: Custom Map Seeds:  Village: 10387312 Desert: 14357617 Igloo: 14357618 Jungle: 14357619 Swamp: 14357620 Monument: 10387313Ocean: 14357621 Shipwreck: 165745295 Slime: 987234911
[17:59:15] [Server thread/INFO]: Max TNT Explosions: 100
[17:59:15] [Server thread/INFO]: Tile Max Tick Time: 50ms Entity max Tick Time: 50ms
[17:59:15] [Server thread/INFO]: View Distance: 10
[17:59:15] [Server thread/INFO]: Zombie Aggressive Towards Villager: true
[17:59:15] [Server thread/INFO]: Allow Zombie Pigmen to spawn from portal blocks: true
[17:59:15] [Server thread/INFO]: Item Despawn Rate: 6000
[17:59:15] [Server thread/INFO]: Item Merge Radius: 2.5
[17:59:15] [Server thread/INFO]: Arrow Despawn Rate: 1200 Trident Respawn Rate:1200
[17:59:15] [Server thread/INFO]: Nerfing mobs spawned from spawners: false
[17:59:15] [Server thread/INFO]: Preparing start region for dimension 'world'/minecraft:overworld
[17:59:15] [Server-Worker-3/INFO]: Preparing spawn area: 0%
[17:59:15] [Server-Worker-1/INFO]: Preparing spawn area: 0%
[17:59:16] [Server-Worker-4/INFO]: Preparing spawn area: 0%
[17:59:16] [Server-Worker-3/INFO]: Preparing spawn area: 0%
[17:59:17] [Server-Worker-5/INFO]: Preparing spawn area: 1%
[17:59:17] [Server-Worker-4/INFO]: Preparing spawn area: 3%
[17:59:18] [Server-Worker-3/INFO]: Preparing spawn area: 7%
[17:59:18] [Server-Worker-6/INFO]: Preparing spawn area: 13%
[17:59:19] [Server-Worker-4/INFO]: Preparing spawn area: 18%
[17:59:19] [Server-Worker-2/INFO]: Preparing spawn area: 24%
[17:59:20] [Server-Worker-2/INFO]: Preparing spawn area: 26%
[17:59:20] [Server-Worker-3/INFO]: Preparing spawn area: 26%
[17:59:21] [Server-Worker-4/INFO]: Preparing spawn area: 28%
[17:59:21] [Server-Worker-5/INFO]: Preparing spawn area: 34%
[17:59:22] [Server-Worker-5/INFO]: Preparing spawn area: 39%
[17:59:22] [Server-Worker-6/INFO]: Preparing spawn area: 50%
[17:59:23] [Server-Worker-6/INFO]: Preparing spawn area: 56%
[17:59:23] [Server-Worker-5/INFO]: Preparing spawn area: 63%
[17:59:24] [Server-Worker-1/INFO]: Preparing spawn area: 70%
[17:59:24] [Server-Worker-1/INFO]: Preparing spawn area: 78%
[17:59:25] [Server-Worker-6/INFO]: Preparing spawn area: 85%
[17:59:25] [Server-Worker-2/INFO]: Preparing spawn area: 94%
[17:59:26] [Server-Worker-5/INFO]: Preparing spawn area: 100%
[17:59:26] [Server-Worker-6/INFO]: Preparing spawn area: 100%
[17:59:27] [Server-Worker-5/INFO]: Preparing spawn area: 100%
[17:59:27] [Server-Worker-5/INFO]: Preparing spawn area: 100%
[17:59:28] [Server-Worker-6/INFO]: Preparing spawn area: 100%
[17:59:28] [Server-Worker-3/INFO]: Preparing spawn area: 100%
[17:59:29] [Server-Worker-4/INFO]: Preparing spawn area: 100%
[17:59:29] [Server thread/INFO]: Loaded 441 spawn chunks for world world
[17:59:29] [Server thread/INFO]: Time elapsed: 14035 ms
[17:59:29] [Server thread/INFO]: Preparing start region for dimension 'world_nether'/minecraft:the_nether
[17:59:29] [Server-Worker-6/INFO]: Preparing spawn area: 0%
[17:59:29] [Server-Worker-2/INFO]: Preparing spawn area: 0%
[17:59:30] [Server-Worker-1/INFO]: Preparing spawn area: 0%
[17:59:30] [Server-Worker-4/INFO]: Preparing spawn area: 5%
[17:59:31] [Server-Worker-5/INFO]: Preparing spawn area: 8%
[17:59:31] [Server-Worker-2/INFO]: Preparing spawn area: 23%
[17:59:32] [Server-Worker-2/INFO]: Preparing spawn area: 24%
[17:59:32] [Server-Worker-1/INFO]: Preparing spawn area: 25%
[17:59:33] [Server-Worker-2/INFO]: Preparing spawn area: 26%
[17:59:33] [Server-Worker-3/INFO]: Preparing spawn area: 58%
[17:59:34] [Server-Worker-2/INFO]: Preparing spawn area: 72%
[17:59:34] [Server-Worker-4/INFO]: Preparing spawn area: 85%
[17:59:35] [Server-Worker-5/INFO]: Preparing spawn area: 100%
[17:59:35] [Server-Worker-6/INFO]: Preparing spawn area: 100%
[17:59:36] [Server-Worker-2/INFO]: Preparing spawn area: 100%
[17:59:36] [Server thread/INFO]: Loaded 441 spawn chunks for world world_nether
[17:59:36] [Server thread/INFO]: Time elapsed: 7460 ms
[17:59:36] [Server thread/INFO]: Preparing start region for dimension 'world_the_end'/minecraft:the_end
[17:59:36] [Server-Worker-3/INFO]: Preparing spawn area: 0%
[17:59:37] [Server-Worker-1/INFO]: Preparing spawn area: 2%
[17:59:37] [Server-Worker-2/INFO]: Preparing spawn area: 29%
[17:59:38] [Server-Worker-1/INFO]: Preparing spawn area: 71%
[17:59:38] [Server-Worker-4/INFO]: Preparing spawn area: 100%
[17:59:39] [Server thread/INFO]: Loaded 441 spawn chunks for world world_the_end
[17:59:39] [Server thread/INFO]: Time elapsed: 2238 ms
[17:59:39] [Server thread/INFO]: Done (43.378s)! For help, type "help"
[17:59:39] [Server thread/INFO]: Timings Reset
